<?xml version="1.0" encoding="UTF-8"?>
<testsuite xmlns:xsi="http://www.w3.org/2001/XMLSchema-instance" xsi:noNamespaceSchemaLocation="https://maven.apache.org/surefire/maven-surefire-plugin/xsd/surefire-test-report.xsd" name="test.fusion.water.order.domainLayer.models.OrderTest" time="0.56" tests="29" errors="0" skipped="3" failures="0">
  <properties>
[...]
</properties>
  <testcase name="shouldCreateCustomer" classname="test.fusion.water.order.domainLayer.models.OrderTest" time="0.021"/>
  <testcase name="shouldThrowRuntimeExceptionWhenFirstNameIsNull" classname="test.fusion.water.order.domainLayer.models.OrderTest" time="0.003"/>
  <testcase name="shouldThrowRuntimeExceptionWhenLastNameIsNull" classname="test.fusion.water.order.domainLayer.models.OrderTest" time="0.001"/>
  <testcase name="shouldThrowRuntimeExceptionWhenPhoneNumberIsNull" classname="test.fusion.water.order.domainLayer.models.OrderTest" time="0.002"/>
  <testcase name="testAllCustomerTests" classname="test.fusion.water.order.domainLayer.models.OrderTest" time="0.005"/>
  <testcase name="shouldCreateOrderOnLinux" classname="test.fusion.water.order.domainLayer.models.OrderTest" time="0">
    <skipped message="Disabled on operating system: Mac OS X ==&gt; Should Run only on Linux"/>
  </testcase>
  <testcase name="shouldTestOrderCreationOnDEV" classname="test.fusion.water.order.domainLayer.models.OrderTest" time="0">
    <skipped message="Assumption failed: assumption is not true" type="org.opentest4j.TestAbortedException">org.opentest4j.TestAbortedException: Assumption failed: assumption is not true
	at test.fusion.water.order.domainLayer.models.OrderTest.shouldTestOrderCreationOnDEV(OrderTest.java:212)
</skipped>
    <system-out><![CDATA[6. Create an Empty Order..
Property = null
OrderTest.shouldTestOrderCreationOnDEV(), Time=2 ms
6. Should Execute After Each Test
]]></system-out>
  </testcase>
  <testcase name="shouldTestOrderCreationRepeatedly[1]" classname="test.fusion.water.order.domainLayer.models.OrderTest" time="0.004"/>
  <testcase name="shouldTestOrderCreationRepeatedly[2]" classname="test.fusion.water.order.domainLayer.models.OrderTest" time="0.001"/>
  <testcase name="shouldTestOrderCreationRepeatedly[3]" classname="test.fusion.water.order.domainLayer.models.OrderTest" time="0.001"/>
  <testcase name="shouldTestPhoneNumberFormatUsingValueSource{String}[1]" classname="test.fusion.water.order.domainLayer.models.OrderTest" time="0.047"/>
  <testcase name="shouldTestPhoneNumberFormatUsingValueSource{String}[2]" classname="test.fusion.water.order.domainLayer.models.OrderTest" time="0.003"/>
  <testcase name="shouldTestPhoneNumberFormatUsingValueSource{String}[3]" classname="test.fusion.water.order.domainLayer.models.OrderTest" time="0.004"/>
  <testcase name="shouldTestPhoneNumberFormatUsingCSVSource{String}[1]" classname="test.fusion.water.order.domainLayer.models.OrderTest" time="0.001"/>
  <testcase name="shouldTestPhoneNumberFormatUsingCSVSource{String}[2]" classname="test.fusion.water.order.domainLayer.models.OrderTest" time="0.002"/>
  <testcase name="shouldTestPhoneNumberFormatUsingCSVSource{String}[3]" classname="test.fusion.water.order.domainLayer.models.OrderTest" time="0.004"/>
  <testcase name="shouldTestPhoneNumberFormatUsingCSVFileSource{String}[1]" classname="test.fusion.water.order.domainLayer.models.OrderTest" time="0.004"/>
  <testcase name="shouldTestPhoneNumberFormatUsingCSVFileSource{String}[2]" classname="test.fusion.water.order.domainLayer.models.OrderTest" time="0"/>
  <testcase name="shouldTestPhoneNumberFormatUsingCSVFileSource{String}[3]" classname="test.fusion.water.order.domainLayer.models.OrderTest" time="0"/>
  <testcase name="shouldTestPhoneNumberFormatUsingMethodSource{String}[1]" classname="test.fusion.water.order.domainLayer.models.OrderTest" time="0.004"/>
  <testcase name="shouldTestPhoneNumberFormatUsingMethodSource{String}[2]" classname="test.fusion.water.order.domainLayer.models.OrderTest" time="0.001"/>
  <testcase name="shouldTestPhoneNumberFormatUsingMethodSource{String}[3]" classname="test.fusion.water.order.domainLayer.models.OrderTest" time="0"/>
  <testcase name="timeoutNotExceeded" classname="test.fusion.water.order.domainLayer.models.OrderTest" time="0.003"/>
  <testcase name="timeoutExceeded" classname="test.fusion.water.order.domainLayer.models.OrderTest" time="0.006"/>
  <testcase name="timeoutNotExceededWithResult" classname="test.fusion.water.order.domainLayer.models.OrderTest" time="0.002"/>
  <testcase name="timeoutNotExceededWithMethod" classname="test.fusion.water.order.domainLayer.models.OrderTest" time="0.001"/>
  <testcase name="exceptionTesting" classname="test.fusion.water.order.domainLayer.models.OrderTest" time="0.002"/>
  <testcase name="assertWithHamcrestMatcher" classname="test.fusion.water.order.domainLayer.models.OrderTest" time="0.005"/>
  <testcase name="shouldBeDisabled" classname="test.fusion.water.order.domainLayer.models.OrderTest" time="0">
    <skipped message="public void test.fusion.water.order.domainLayer.models.OrderTest.shouldBeDisabled() is @Disabled"/>
  </testcase>
</testsuite>